
  .   ____          _            __ _ _
 /\\ / ___'_ __ _ _(_)_ __  __ _ \ \ \ \
( ( )\___ | '_ | '_| | '_ \/ _` | \ \ \ \
 \\/  ___)| |_)| | | | | || (_| |  ) ) ) )
  '  |____| .__|_| |_|_| |_\__, | / / / /
 =========|_|==============|___/=/_/_/_/

 :: Spring Boot ::                (v3.5.0)

2025-06-17T19:34:48.438+02:00  INFO 97670 --- [fintrack] [           main] com.astra.fintrack.FintrackApplication   : Starting FintrackApplication v0.0.1-SNAPSHOT using Java 24.0.1 with PID 97670 (/Users/astra/Downloads/fintrack/build/libs/fintrack-0.0.1-SNAPSHOT.jar started by astra in /Users/astra/Downloads/fintrack)
2025-06-17T19:34:48.439+02:00  INFO 97670 --- [fintrack] [           main] com.astra.fintrack.FintrackApplication   : No active profile set, falling back to 1 default profile: "default"
2025-06-17T19:34:48.743+02:00  INFO 97670 --- [fintrack] [           main] .s.d.r.c.RepositoryConfigurationDelegate : Multiple Spring Data modules found, entering strict repository configuration mode
2025-06-17T19:34:48.743+02:00  INFO 97670 --- [fintrack] [           main] .s.d.r.c.RepositoryConfigurationDelegate : Bootstrapping Spring Data JDBC repositories in DEFAULT mode.
2025-06-17T19:34:48.753+02:00  INFO 97670 --- [fintrack] [           main] .RepositoryConfigurationExtensionSupport : Spring Data JDBC - Could not safely identify store assignment for repository candidate interface com.astra.fintrack.repos.StockHoldingHistoryRepository; If you want this repository to be a JDBC repository, consider annotating your entities with one of these annotations: org.springframework.data.relational.core.mapping.Table.
2025-06-17T19:34:48.753+02:00  INFO 97670 --- [fintrack] [           main] .RepositoryConfigurationExtensionSupport : Spring Data JDBC - Could not safely identify store assignment for repository candidate interface com.astra.fintrack.repos.StockPriceEntryRepository; If you want this repository to be a JDBC repository, consider annotating your entities with one of these annotations: org.springframework.data.relational.core.mapping.Table.
2025-06-17T19:34:48.753+02:00  INFO 97670 --- [fintrack] [           main] .RepositoryConfigurationExtensionSupport : Spring Data JDBC - Could not safely identify store assignment for repository candidate interface com.astra.fintrack.repos.StockRepository; If you want this repository to be a JDBC repository, consider annotating your entities with one of these annotations: org.springframework.data.relational.core.mapping.Table.
2025-06-17T19:34:48.754+02:00  INFO 97670 --- [fintrack] [           main] .RepositoryConfigurationExtensionSupport : Spring Data JDBC - Could not safely identify store assignment for repository candidate interface com.astra.fintrack.repos.StockWatchRepository; If you want this repository to be a JDBC repository, consider annotating your entities with one of these annotations: org.springframework.data.relational.core.mapping.Table.
2025-06-17T19:34:48.754+02:00  INFO 97670 --- [fintrack] [           main] .s.d.r.c.RepositoryConfigurationDelegate : Finished Spring Data repository scanning in 8 ms. Found 0 JDBC repository interfaces.
2025-06-17T19:34:48.757+02:00  INFO 97670 --- [fintrack] [           main] .s.d.r.c.RepositoryConfigurationDelegate : Multiple Spring Data modules found, entering strict repository configuration mode
2025-06-17T19:34:48.758+02:00  INFO 97670 --- [fintrack] [           main] .s.d.r.c.RepositoryConfigurationDelegate : Bootstrapping Spring Data JPA repositories in DEFAULT mode.
2025-06-17T19:34:48.766+02:00  INFO 97670 --- [fintrack] [           main] .s.d.r.c.RepositoryConfigurationDelegate : Finished Spring Data repository scanning in 7 ms. Found 4 JPA repository interfaces.
2025-06-17T19:34:48.922+02:00  INFO 97670 --- [fintrack] [           main] o.s.b.w.embedded.tomcat.TomcatWebServer  : Tomcat initialized with port 8080 (http)
2025-06-17T19:34:48.927+02:00  INFO 97670 --- [fintrack] [           main] o.apache.catalina.core.StandardService   : Starting service [Tomcat]
2025-06-17T19:34:48.927+02:00  INFO 97670 --- [fintrack] [           main] o.apache.catalina.core.StandardEngine    : Starting Servlet engine: [Apache Tomcat/10.1.41]
2025-06-17T19:34:48.935+02:00  INFO 97670 --- [fintrack] [           main] o.a.c.c.C.[Tomcat].[localhost].[/]       : Initializing Spring embedded WebApplicationContext
2025-06-17T19:34:48.935+02:00  INFO 97670 --- [fintrack] [           main] w.s.c.ServletWebServerApplicationContext : Root WebApplicationContext: initialization completed in 480 ms
2025-06-17T19:34:49.017+02:00  INFO 97670 --- [fintrack] [           main] o.hibernate.jpa.internal.util.LogHelper  : HHH000204: Processing PersistenceUnitInfo [name: default]
2025-06-17T19:34:49.032+02:00  INFO 97670 --- [fintrack] [           main] org.hibernate.Version                    : HHH000412: Hibernate ORM core version 6.6.15.Final
2025-06-17T19:34:49.042+02:00  INFO 97670 --- [fintrack] [           main] o.h.c.internal.RegionFactoryInitiator    : HHH000026: Second-level cache disabled
2025-06-17T19:34:49.150+02:00  INFO 97670 --- [fintrack] [           main] o.s.o.j.p.SpringPersistenceUnitInfo      : No LoadTimeWeaver setup: ignoring JPA class transformer
2025-06-17T19:34:49.160+02:00  INFO 97670 --- [fintrack] [           main] com.zaxxer.hikari.HikariDataSource       : HikariPool-1 - Starting...
2025-06-17T19:34:49.197+02:00  INFO 97670 --- [fintrack] [           main] com.zaxxer.hikari.pool.HikariPool        : HikariPool-1 - Added connection org.postgresql.jdbc.PgConnection@1b8d20e6
2025-06-17T19:34:49.198+02:00  INFO 97670 --- [fintrack] [           main] com.zaxxer.hikari.HikariDataSource       : HikariPool-1 - Start completed.
2025-06-17T19:34:49.209+02:00  WARN 97670 --- [fintrack] [           main] org.hibernate.orm.deprecation            : HHH90000025: PostgreSQLDialect does not need to be specified explicitly using 'hibernate.dialect' (remove the property setting and it will be selected by default)
2025-06-17T19:34:49.214+02:00  INFO 97670 --- [fintrack] [           main] org.hibernate.orm.connections.pooling    : HHH10001005: Database info:
	Database JDBC URL [Connecting through datasource 'HikariDataSource (HikariPool-1)']
	Database driver: undefined/unknown
	Database version: 15.12
	Autocommit mode: undefined/unknown
	Isolation level: undefined/unknown
	Minimum pool size: undefined/unknown
	Maximum pool size: undefined/unknown
2025-06-17T19:34:49.518+02:00  INFO 97670 --- [fintrack] [           main] o.h.e.t.j.p.i.JtaPlatformInitiator       : HHH000489: No JTA platform available (set 'hibernate.transaction.jta.platform' to enable JTA platform integration)
2025-06-17T19:34:49.585+02:00  INFO 97670 --- [fintrack] [           main] j.LocalContainerEntityManagerFactoryBean : Initialized JPA EntityManagerFactory for persistence unit 'default'
2025-06-17T19:34:49.707+02:00  INFO 97670 --- [fintrack] [           main] o.s.d.j.r.query.QueryEnhancerFactory     : Hibernate is in classpath; If applicable, HQL parser will be used.
2025-06-17T19:34:50.000+02:00  WARN 97670 --- [fintrack] [           main] JpaBaseConfiguration$JpaWebConfiguration : spring.jpa.open-in-view is enabled by default. Therefore, database queries may be performed during view rendering. Explicitly configure spring.jpa.open-in-view to disable this warning
2025-06-17T19:34:50.192+02:00  INFO 97670 --- [fintrack] [           main] o.s.b.a.e.web.EndpointLinksResolver      : Exposing 1 endpoint beneath base path '/actuator'
2025-06-17T19:34:50.213+02:00  WARN 97670 --- [fintrack] [           main] ConfigServletWebServerApplicationContext : Exception encountered during context initialization - cancelling refresh attempt: org.springframework.context.ApplicationContextException: Failed to start bean 'webServerStartStop'
2025-06-17T19:34:50.217+02:00  INFO 97670 --- [fintrack] [           main] j.LocalContainerEntityManagerFactoryBean : Closing JPA EntityManagerFactory for persistence unit 'default'
2025-06-17T19:34:50.218+02:00  INFO 97670 --- [fintrack] [           main] com.zaxxer.hikari.HikariDataSource       : HikariPool-1 - Shutdown initiated...
2025-06-17T19:34:50.219+02:00  INFO 97670 --- [fintrack] [           main] com.zaxxer.hikari.HikariDataSource       : HikariPool-1 - Shutdown completed.
2025-06-17T19:34:50.229+02:00  INFO 97670 --- [fintrack] [           main] .s.b.a.l.ConditionEvaluationReportLogger : 

Error starting ApplicationContext. To display the condition evaluation report re-run your application with 'debug' enabled.
2025-06-17T19:34:50.234+02:00 ERROR 97670 --- [fintrack] [           main] o.s.b.d.LoggingFailureAnalysisReporter   : 

***************************
APPLICATION FAILED TO START
***************************

Description:

Web server failed to start. Port 8080 was already in use.

Action:

Identify and stop the process that's listening on port 8080 or configure this application to listen on another port.

